<?xml version="1.0" encoding="UTF-8"?>
<!-- Generated by org.testng.reporters.JUnitReportReporter -->
<testsuite hostname="DESKTOP-A4VJ23B" failures="0" tests="7" name="com.testngassignmment.com.Assignment4" time="44.183" errors="0" timestamp="2022-09-16T17:20:09 IST" skipped="0">
  <testcase classname="com.testngassignmment.com.Assignment4" name="launchBrowser" time="3.098"/>
  <system-out/>
  <testcase classname="com.testngassignmment.com.Assignment4" name="navigate" time="4.994"/>
  <system-out/>
  <testcase classname="com.testngassignmment.com.Assignment4" name="login" time="6.253"/>
  <system-out/>
  <testcase classname="com.testngassignmment.com.Assignment4" name="minimizeFlyoutWindow" time="2.076"/>
  <system-out/>
  <testcase classname="com.testngassignmment.com.Assignment4" name="createCustomer" time="12.983"/>
  <system-out/>
  <testcase classname="com.testngassignmment.com.Assignment4" name="modifyCustomer" time="4.328"/>
  <system-out/>
  <testcase classname="com.testngassignmment.com.Assignment4" name="deleteCustomer" time="10.451"/>
  <system-out/>
</testsuite> <!-- com.testngassignmment.com.Assignment4 -->
