<?xml version="1.0" encoding="UTF-8"?>
<!-- Generated by org.testng.reporters.JUnitReportReporter -->
<testsuite hostname="DESKTOP-A4VJ23B" failures="0" tests="9" name="com.testngassignmment.com.Assignment2" time="53.277" errors="0" timestamp="2022-09-18T13:52:00 IST" skipped="0">
  <testcase classname="com.testngassignmment.com.Assignment2" name="launchBrowser" time="1.455"/>
  <system-out/>
  <testcase classname="com.testngassignmment.com.Assignment2" name="navigate" time="3.973"/>
  <system-out/>
  <testcase classname="com.testngassignmment.com.Assignment2" name="login" time="6.263"/>
  <system-out/>
  <testcase classname="com.testngassignmment.com.Assignment2" name="minimizeFlyoutWindow" time="2.089"/>
  <system-out/>
  <testcase classname="com.testngassignmment.com.Assignment2" name="createUser" time="19.776"/>
  <system-out/>
  <testcase classname="com.testngassignmment.com.Assignment2" name="modifyUser" time="10.683"/>
  <system-out/>
  <testcase classname="com.testngassignmment.com.Assignment2" name="deleteUser" time="6.217"/>
  <system-out/>
  <testcase classname="com.testngassignmment.com.Assignment2" name="logout" time="2.336"/>
  <system-out/>
  <testcase classname="com.testngassignmment.com.Assignment2" name="closeApplication" time="0.485"/>
  <system-out/>
</testsuite> <!-- com.testngassignmment.com.Assignment2 -->
