<?xml version="1.0" encoding="UTF-8"?>
<!-- Generated by org.testng.reporters.JUnitReportReporter -->
<testsuite hostname="DESKTOP-A4VJ23B" failures="0" tests="9" name="com.testngassignmment.com.Assign4" time="46.743" errors="0" timestamp="2022-09-18T13:52:00 IST" skipped="0">
  <testcase classname="com.testngassignmment.com.Assign4" name="launchBrowser" time="3.024"/>
  <system-out/>
  <testcase classname="com.testngassignmment.com.Assign4" name="navigate" time="5.061"/>
  <system-out/>
  <testcase classname="com.testngassignmment.com.Assign4" name="login" time="6.257"/>
  <system-out/>
  <testcase classname="com.testngassignmment.com.Assign4" name="minimizeFlyoutWindow" time="2.069"/>
  <system-out/>
  <testcase classname="com.testngassignmment.com.Assign4" name="createCustomer" time="12.923"/>
  <system-out/>
  <testcase classname="com.testngassignmment.com.Assign4" name="modifyCustomer" time="6.392"/>
  <system-out/>
  <testcase classname="com.testngassignmment.com.Assign4" name="deleteCustomer" time="8.326"/>
  <system-out/>
  <testcase classname="com.testngassignmment.com.Assign4" name="logout" time="2.293"/>
  <system-out/>
  <testcase classname="com.testngassignmment.com.Assign4" name="closeApplication" time="0.398"/>
  <system-out/>
</testsuite> <!-- com.testngassignmment.com.Assign4 -->
