<?xml version="1.0" encoding="UTF-8"?>
<!-- Generated by org.testng.reporters.JUnitReportReporter -->
<testsuite hostname="DESKTOP-A4VJ23B" failures="0" tests="8" name="com.testngassignmment.com.Assignment3" time="37.913" errors="0" timestamp="2022-09-18T13:52:00 IST" skipped="0">
  <testcase classname="com.testngassignmment.com.Assignment3" name="launchBrowser" time="1.293"/>
  <system-out/>
  <testcase classname="com.testngassignmment.com.Assignment3" name="navigate" time="4.375"/>
  <system-out/>
  <testcase classname="com.testngassignmment.com.Assignment3" name="login" time="6.231"/>
  <system-out/>
  <testcase classname="com.testngassignmment.com.Assignment3" name="minimizeFlyoutWindow" time="2.076"/>
  <system-out/>
  <testcase classname="com.testngassignmment.com.Assignment3" name="createCustomer" time="12.925"/>
  <system-out/>
  <testcase classname="com.testngassignmment.com.Assignment3" name="deleteCustomer" time="8.321"/>
  <system-out/>
  <testcase classname="com.testngassignmment.com.Assignment3" name="logout" time="2.299"/>
  <system-out/>
  <testcase classname="com.testngassignmment.com.Assignment3" name="closeApplication" time="0.393"/>
  <system-out/>
</testsuite> <!-- com.testngassignmment.com.Assignment3 -->
