<?xml version="1.0" encoding="UTF-8"?>
<!-- Generated by org.testng.reporters.JUnitReportReporter -->
<testsuite hostname="DESKTOP-A4VJ23B" failures="0" tests="10" name="com.testngassignmment.com.Assignmet5" time="65.082" errors="0" timestamp="2022-09-18T13:52:00 IST" skipped="0">
  <testcase classname="com.testngassignmment.com.Assignmet5" name="launchBrowser" time="1.522"/>
  <system-out/>
  <testcase classname="com.testngassignmment.com.Assignmet5" name="navigate" time="4.245"/>
  <system-out/>
  <testcase classname="com.testngassignmment.com.Assignmet5" name="login" time="6.264"/>
  <system-out/>
  <testcase classname="com.testngassignmment.com.Assignmet5" name="minimizeFlyoutWindow" time="2.061"/>
  <system-out/>
  <testcase classname="com.testngassignmment.com.Assignmet5" name="createCustomer" time="12.946"/>
  <system-out/>
  <testcase classname="com.testngassignmment.com.Assignmet5" name="createProject" time="14.543"/>
  <system-out/>
  <testcase classname="com.testngassignmment.com.Assignmet5" name="deleteProject" time="10.438"/>
  <system-out/>
  <testcase classname="com.testngassignmment.com.Assignmet5" name="deleteCustomer" time="10.412"/>
  <system-out/>
  <testcase classname="com.testngassignmment.com.Assignmet5" name="logout" time="2.339"/>
  <system-out/>
  <testcase classname="com.testngassignmment.com.Assignmet5" name="closeApplication" time="0.312"/>
  <system-out/>
</testsuite> <!-- com.testngassignmment.com.Assignmet5 -->
