<?xml version="1.0" encoding="UTF-8"?>
<!-- Generated by org.testng.reporters.JUnitReportReporter -->
<testsuite hostname="DESKTOP-A4VJ23B" failures="0" tests="8" name="com.testngassignmment.com.Assignment1" time="48.362" errors="0" timestamp="2022-09-18T20:14:13 IST" skipped="0">
  <testcase classname="com.testngassignmment.com.Assignment1" name="launchBrowser" time="3.144"/>
  <system-out/>
  <testcase classname="com.testngassignmment.com.Assignment1" name="navigate" time="3.968"/>
  <system-out/>
  <testcase classname="com.testngassignmment.com.Assignment1" name="login" time="6.257"/>
  <system-out/>
  <testcase classname="com.testngassignmment.com.Assignment1" name="minimizeFlyoutWindow" time="2.095"/>
  <system-out/>
  <testcase classname="com.testngassignmment.com.Assignment1" name="createUser" time="22.576"/>
  <system-out/>
  <testcase classname="com.testngassignmment.com.Assignment1" name="deleteUser" time="6.760"/>
  <system-out/>
  <testcase classname="com.testngassignmment.com.Assignment1" name="logout" time="2.901"/>
  <system-out/>
  <testcase classname="com.testngassignmment.com.Assignment1" name="closeApplication" time="0.661"/>
  <system-out/>
</testsuite> <!-- com.testngassignmment.com.Assignment1 -->
