<?xml version="1.0" encoding="UTF-8"?>
<!-- Generated by org.testng.reporters.JUnitReportReporter -->
<testsuite hostname="DESKTOP-A4VJ23B" failures="0" tests="11" name="com.testngassignmment.com.Assignment6" time="75.868" errors="0" timestamp="2022-09-18T13:52:00 IST" skipped="0">
  <testcase classname="com.testngassignmment.com.Assignment6" name="launchBrowser" time="1.205"/>
  <system-out/>
  <testcase classname="com.testngassignmment.com.Assignment6" name="navigate" time="4.648"/>
  <system-out/>
  <testcase classname="com.testngassignmment.com.Assignment6" name="login" time="6.256"/>
  <system-out/>
  <testcase classname="com.testngassignmment.com.Assignment6" name="minimizeFlyoutWindow" time="2.061"/>
  <system-out/>
  <testcase classname="com.testngassignmment.com.Assignment6" name="createCustomer" time="13.077"/>
  <system-out/>
  <testcase classname="com.testngassignmment.com.Assignment6" name="createProject" time="14.582"/>
  <system-out/>
  <testcase classname="com.testngassignmment.com.Assignment6" name="modifyProject" time="10.450"/>
  <system-out/>
  <testcase classname="com.testngassignmment.com.Assignment6" name="deleteProject" time="10.430"/>
  <system-out/>
  <testcase classname="com.testngassignmment.com.Assignment6" name="deleteCustomer" time="10.439"/>
  <system-out/>
  <testcase classname="com.testngassignmment.com.Assignment6" name="logout" time="2.346"/>
  <system-out/>
  <testcase classname="com.testngassignmment.com.Assignment6" name="closeApplication" time="0.374"/>
  <system-out/>
</testsuite> <!-- com.testngassignmment.com.Assignment6 -->
