<?xml version="1.0" encoding="UTF-8"?>
<!-- Generated by org.testng.reporters.JUnitReportReporter -->
<testsuite hostname="DESKTOP-A4VJ23B" failures="0" tests="12" name="com.testngassignmment.com.Assignment7" time="84.751" errors="0" timestamp="2022-09-18T13:52:00 IST" skipped="1">
  <testcase classname="com.testngassignmment.com.Assignment7" name="launchBrowser" time="1.550"/>
  <system-out/>
  <testcase classname="com.testngassignmment.com.Assignment7" name="navigate" time="4.511"/>
  <system-out/>
  <testcase classname="com.testngassignmment.com.Assignment7" name="login" time="6.249"/>
  <system-out/>
  <testcase classname="com.testngassignmment.com.Assignment7" name="minimizeFlyoutWindow" time="2.060"/>
  <system-out/>
  <testcase classname="com.testngassignmment.com.Assignment7" name="createCustomer" time="13.218"/>
  <system-out/>
  <testcase classname="com.testngassignmment.com.Assignment7" name="createProject" time="14.510"/>
  <system-out/>
  <testcase classname="com.testngassignmment.com.Assignment7" name="createTask" time="18.884"/>
  <system-out/>
  <testcase classname="com.testngassignmment.com.Assignment7" name="deleteProject" time="10.529"/>
  <system-out/>
  <testcase classname="com.testngassignmment.com.Assignment7" name="deleteCustomer" time="10.401"/>
  <system-out/>
  <testcase classname="com.testngassignmment.com.Assignment7" name="logout" time="2.366"/>
  <system-out/>
  <testcase classname="com.testngassignmment.com.Assignment7" name="closeApplication" time="0.473"/>
  <system-out/>
  <testcase classname="com.testngassignmment.com.Assignment7" name="deleteTask">
    <skipped/>
  </testcase> <!-- deleteTask -->
  <system-out/>
</testsuite> <!-- com.testngassignmment.com.Assignment7 -->
